#
# There is insufficient memory for the Java Runtime Environment to continue.
# Native memory allocation (mmap) failed to map 67108864 bytes for G1 virtual space
# Possible reasons:
#   The system is out of physical RAM or swap space
#   The process is running with CompressedOops enabled, and the Java Heap may be blocking the growth of the native heap
# Possible solutions:
#   Reduce memory load on the system
#   Increase physical memory or swap space
#   Check if swap backing store is full
#   Decrease Java heap size (-Xmx/-Xms)
#   Decrease number of Java threads
#   Decrease Java thread stack sizes (-Xss)
#   Set larger code cache with -XX:ReservedCodeCacheSize=
#   JVM is running with Unscaled Compressed Oops mode in which the Java heap is
#     placed in the first 4GB address space. The Java Heap base address is the
#     maximum limit for the native heap growth. Please use -XX:HeapBaseMinAddress
#     to set the Java Heap base and to place the Java Heap above 4GB virtual address.
# This output file may be truncated or incomplete.
#
#  Out of Memory Error (os_windows.cpp:3527), pid=9188, tid=16544
#
# JRE version:  (19.0.1+10) (build )
# Java VM: Java HotSpot(TM) 64-Bit Server VM (19.0.1+10-21, mixed mode, sharing, tiered, compressed oops, compressed class ptrs, g1 gc, windows-amd64)
# No core dump will be written. Minidumps are not enabled by default on client versions of Windows
#

---------------  S U M M A R Y ------------

Command Line: -Xmx64m -Xms64m -Dorg.gradle.appname=gradlew org.gradle.wrapper.GradleWrapperMain app:installDebug -PreactNativeDevServerPort=8081

Host: 11th Gen Intel(R) Core(TM) i5-11400H @ 2.70GHz, 12 cores, 7G,  Windows 11 , 64 bit Build 22621 (10.0.22621.2506)
Time: Mon Jan 29 12:39:55 2024 SE Asia Standard Time elapsed time: 0.007465 seconds (0d 0h 0m 0s)

---------------  T H R E A D  ---------------

Current thread (0x00000153d3635a90):  JavaThread "Unknown thread" [_thread_in_vm, id=16544, stack(0x000000404c900000,0x000000404ca00000)]

Stack: [0x000000404c900000,0x000000404ca00000]
Native frames: (J=compiled Java code, j=interpreted, Vv=VM code, C=native code)
V  [jvm.dll+0x6ee8fa]
V  [jvm.dll+0x857a1e]
V  [jvm.dll+0x85940e]
V  [jvm.dll+0x859ac3]
V  [jvm.dll+0x28291f]
V  [jvm.dll+0x6eb6e9]
V  [jvm.dll+0x6e028a]
V  [jvm.dll+0x357136]
V  [jvm.dll+0x35eb96]
V  [jvm.dll+0x3b555e]
V  [jvm.dll+0x3b578f]
V  [jvm.dll+0x32c6ea]
V  [jvm.dll+0x32d59e]
V  [jvm.dll+0x821b20]
V  [jvm.dll+0x3c27c1]
V  [jvm.dll+0x8022f1]
V  [jvm.dll+0x44b30f]
V  [jvm.dll+0x44cc91]
C  [jli.dll+0x5287]
C  [ucrtbase.dll+0x29363]
C  [KERNEL32.DLL+0x1257d]
C  [ntdll.dll+0x5aa58]


---------------  P R O C E S S  ---------------

Threads class SMR info:
_java_thread_list=0x00007ffb6458d048, length=0, elements={
}

Java Threads: ( => current thread )

Other Threads:
  0x00000153d365b200 WorkerThread "GC Thread#0" [stack: 0x000000404ca00000,0x000000404cb00000] [id=2348]
  0x00000153d365c870 ConcurrentGCThread "G1 Main Marker" [stack: 0x000000404cb00000,0x000000404cc00000] [id=10232]
  0x00000153d365d350 WorkerThread "G1 Conc#0" [stack: 0x000000404cc00000,0x000000404cd00000] [id=10488]

[error occurred during error reporting (printing all threads), id 0xc0000005, EXCEPTION_ACCESS_VIOLATION (0xc0000005) at pc=0x00007ffb63d4d127]

VM state: not at safepoint (not fully initialized)

VM Mutex/Monitor currently owned by a thread:  ([mutex/lock_event])
[0x00000153d362f0c0] Heap_lock - owner thread: 0x00000153d3635a90

Heap address: 0x00000000fc000000, size: 64 MB, Compressed Oops mode: 32-bit

CDS archive(s) mapped at: [0x0000000000000000-0x0000000000000000-0x0000000000000000), size 0, SharedBaseAddress: 0x0000000800000000, ArchiveRelocationMode: 0.
Narrow klass base: 0x0000000000000000, Narrow klass shift: 0, Narrow klass range: 0x0

GC Precious Log:
 CardTable entry size: 512
 Card Set container configuration: InlinePtr #cards 5 size 8 Array Of Cards #cards 12 size 40 Howl #buckets 4 coarsen threshold 1843 Howl Bitmap #cards 512 size 80 coarsen threshold 460 Card regions per heap region 1 cards per card region 2048

Heap:
 garbage-first heap   total 0K, used 0K [0x00000000fc000000, 0x0000000100000000)
  region size 1024K, 0 young (0K), 0 survivors (0K)

[error occurred during error reporting (printing heap information), id 0xc0000005, EXCEPTION_ACCESS_VIOLATION (0xc0000005) at pc=0x00007ffb64156959]

GC Heap History (0 events):
No events

Dll operation events (1 events):
Event: 0.004 Loaded shared library C:\Program Files\Java\jdk-19\bin\java.dll

Deoptimization events (0 events):
No events

Classes loaded (0 events):
No events

Classes unloaded (0 events):
No events

Classes redefined (0 events):
No events

Internal exceptions (0 events):
No events

VM Operations (0 events):
No events

Events (0 events):
No events


Dynamic libraries:
0x00007ff689950000 - 0x00007ff689960000 	C:\Program Files\Java\jdk-19\bin\java.exe
0x00007ffc0b730000 - 0x00007ffc0b947000 	C:\WINDOWS\SYSTEM32\ntdll.dll
0x00007ffc0a9e0000 - 0x00007ffc0aaa4000 	C:\WINDOWS\System32\KERNEL32.DLL
0x00007ffc08a70000 - 0x00007ffc08e16000 	C:\WINDOWS\System32\KERNELBASE.dll
0x00007ffbdf7f0000 - 0x00007ffbdf80b000 	C:\Program Files\Java\jdk-19\bin\VCRUNTIME140.dll
0x00007ffbdf810000 - 0x00007ffbdf828000 	C:\Program Files\Java\jdk-19\bin\jli.dll
0x00007ffc0b560000 - 0x00007ffc0b613000 	C:\WINDOWS\System32\ADVAPI32.dll
0x00007ffc091c0000 - 0x00007ffc092d1000 	C:\WINDOWS\System32\ucrtbase.dll
0x00007ffc09a50000 - 0x00007ffc09af7000 	C:\WINDOWS\System32\msvcrt.dll
0x00007ffc09b00000 - 0x00007ffc09ba8000 	C:\WINDOWS\System32\sechost.dll
0x00007ffc092e0000 - 0x00007ffc09308000 	C:\WINDOWS\System32\bcrypt.dll
0x00007ffc0ab40000 - 0x00007ffc0ac57000 	C:\WINDOWS\System32\RPCRT4.dll
0x00007ffc0ac80000 - 0x00007ffc0ae2e000 	C:\WINDOWS\System32\USER32.dll
0x00007ffc09190000 - 0x00007ffc091b6000 	C:\WINDOWS\System32\win32u.dll
0x00007ffbf2dd0000 - 0x00007ffbf3063000 	C:\WINDOWS\WinSxS\amd64_microsoft.windows.common-controls_6595b64144ccf1df_6.0.22621.2506_none_270c5ae97388e100\COMCTL32.dll
0x00007ffc0a5f0000 - 0x00007ffc0a619000 	C:\WINDOWS\System32\GDI32.dll
0x00007ffc08fb0000 - 0x00007ffc090c8000 	C:\WINDOWS\System32\gdi32full.dll
0x00007ffc08f10000 - 0x00007ffc08faa000 	C:\WINDOWS\System32\msvcp_win.dll
0x00007ffc008e0000 - 0x00007ffc008ea000 	C:\WINDOWS\SYSTEM32\VERSION.dll
0x00007ffc0b6b0000 - 0x00007ffc0b6e1000 	C:\WINDOWS\System32\IMM32.DLL
0x00007ffc02ab0000 - 0x00007ffc02abc000 	C:\Program Files\Java\jdk-19\bin\vcruntime140_1.dll
0x00007ffb86c70000 - 0x00007ffb86cfe000 	C:\Program Files\Java\jdk-19\bin\msvcp140.dll
0x00007ffb63a10000 - 0x00007ffb646d0000 	C:\Program Files\Java\jdk-19\bin\server\jvm.dll
0x00007ffbed0f0000 - 0x00007ffbed0f9000 	C:\WINDOWS\SYSTEM32\WSOCK32.dll
0x00007ffc01dd0000 - 0x00007ffc01e04000 	C:\WINDOWS\SYSTEM32\WINMM.dll
0x00007ffc0b630000 - 0x00007ffc0b6a1000 	C:\WINDOWS\System32\WS2_32.dll
0x00007ffc07b50000 - 0x00007ffc07b68000 	C:\WINDOWS\SYSTEM32\kernel.appcore.dll
0x00007ffbefb80000 - 0x00007ffbefb8a000 	C:\Program Files\Java\jdk-19\bin\jimage.dll
0x00007ffc063b0000 - 0x00007ffc065e3000 	C:\WINDOWS\SYSTEM32\DBGHELP.DLL
0x00007ffc0b0a0000 - 0x00007ffc0b429000 	C:\WINDOWS\System32\combase.dll
0x00007ffc09cb0000 - 0x00007ffc09d87000 	C:\WINDOWS\System32\OLEAUT32.dll
0x00007ffbe2350000 - 0x00007ffbe2382000 	C:\WINDOWS\SYSTEM32\dbgcore.DLL
0x00007ffc08e20000 - 0x00007ffc08e9a000 	C:\WINDOWS\System32\bcryptPrimitives.dll
0x00007ffbdf7c0000 - 0x00007ffbdf7e6000 	C:\Program Files\Java\jdk-19\bin\java.dll

dbghelp: loaded successfully - version: 4.0.5 - missing functions: none
symbol engine: initialized successfully - sym options: 0x614 - pdb path: .;C:\Program Files\Java\jdk-19\bin;C:\WINDOWS\SYSTEM32;C:\WINDOWS\WinSxS\amd64_microsoft.windows.common-controls_6595b64144ccf1df_6.0.22621.2506_none_270c5ae97388e100;C:\Program Files\Java\jdk-19\bin\server

VM Arguments:
jvm_args: -Xmx64m -Xms64m -Dorg.gradle.appname=gradlew 
java_command: org.gradle.wrapper.GradleWrapperMain app:installDebug -PreactNativeDevServerPort=8081
java_class_path (initial): E:\demoReactNative\Assignment2\android\\gradle\wrapper\gradle-wrapper.jar
Launcher Type: SUN_STANDARD

[Global flags]
     intx CICompilerCount                          = 4                                         {product} {ergonomic}
     uint ConcGCThreads                            = 3                                         {product} {ergonomic}
     uint G1ConcRefinementThreads                  = 10                                        {product} {ergonomic}
   size_t G1HeapRegionSize                         = 1048576                                   {product} {ergonomic}
    uintx GCDrainStackTargetSize                   = 64                                        {product} {ergonomic}
   size_t InitialHeapSize                          = 67108864                                  {product} {command line}
   size_t MarkStackSize                            = 4194304                                   {product} {ergonomic}
   size_t MaxHeapSize                              = 67108864                                  {product} {command line}
   size_t MinHeapDeltaBytes                        = 1048576                                   {product} {ergonomic}
   size_t MinHeapSize                              = 67108864                                  {product} {command line}
    uintx NonNMethodCodeHeapSize                   = 5839372                                {pd product} {ergonomic}
    uintx NonProfiledCodeHeapSize                  = 122909434                              {pd product} {ergonomic}
    uintx ProfiledCodeHeapSize                     = 122909434                              {pd product} {ergonomic}
    uintx ReservedCodeCacheSize                    = 251658240                              {pd product} {ergonomic}
     bool SegmentedCodeCache                       = true                                      {product} {ergonomic}
   size_t SoftMaxHeapSize                          = 67108864                               {manageable} {ergonomic}
     bool UseCompressedClassPointers               = true                           {product lp64_product} {ergonomic}
     bool UseCompressedOops                        = true                           {product lp64_product} {ergonomic}
     bool UseG1GC                                  = true                                      {product} {ergonomic}
     bool UseLargePagesIndividualAllocation        = false                                  {pd product} {ergonomic}

Logging:
Log output configuration:
 #0: stdout all=warning uptime,level,tags foldmultilines=false
 #1: stderr all=off uptime,level,tags foldmultilines=false

Environment Variables:
JAVA_HOME=C:\Program Files\Java\jdk-19
CLASSPATH=E:\demoReactNative\Assignment2\android\\gradle\wrapper\gradle-wrapper.jar
PATH=E:\demoReactNative\Assignment2\node_modules\.bin;E:\demoReactNative\Assignment2\node_modules\.bin;E:\demoReactNative\node_modules\.bin;E:\node_modules\.bin;C:\Users\admin\AppData\Roaming\npm\node_modules\npm\node_modules\@npmcli\run-script\lib\node-gyp-bin;E:\demoReactNative\Assignment2\node_modules\.bin;E:\demoReactNative\node_modules\.bin;E:\node_modules\.bin;C:\Users\admin\AppData\Roaming\npm\node_modules\npm\node_modules\@npmcli\run-script\lib\node-gyp-bin;C:\Program Files\Common Files\Oracle\Java\javapath;C:\WINDOWS\system32;C:\WINDOWS;C:\WINDOWS\System32\Wbem;C:\WINDOWS\System32\WindowsPowerShell\v1.0\;C:\WINDOWS\System32\OpenSSH\;C:\Program Files\Java\jdk-19\bin;C:\Program Files (x86)\Microsoft SQL Server\160\Tools\Binn\;C:\Program Files\Microsoft SQL Server\160\Tools\Binn\;C:\Program Files\Microsoft SQL Server\Client SDK\ODBC\170\Tools\Binn\;C:\Program Files\Microsoft SQL Server\160\DTS\Binn\;C:\Program Files\Git\cmd;C:\Program Files (x86)\Microsoft SQL Server\160\DTS\Binn\;C:\Program Files\nodejs\;C:\Users\admin\AppData\Local\Microsoft\WindowsApps;E:\Microsoft VS Code\bin;C:\Program Files\Azure Data Studio\bin;C:\Users\admin\AppData\Local\GitHubDesktop\bin;C:\Users\admin\AppData\Local\Programs\Azure Data Studio\bin;C:\Users\admin\AppData\Local\Android\Sdk\platform-tools;C:\Users\admin\AppData\Roaming\npm;
USERNAME=admin
LANG=en_US.UTF-8
OS=Windows_NT
PROCESSOR_IDENTIFIER=Intel64 Family 6 Model 141 Stepping 1, GenuineIntel
TMP=C:\Users\admin\AppData\Local\Temp
TEMP=C:\Users\admin\AppData\Local\Temp



---------------  S Y S T E M  ---------------

OS:
 Windows 11 , 64 bit Build 22621 (10.0.22621.2506)
OS uptime: 0 days 2:09 hours
Hyper-V role detected

CPU: total 12 (initial active 12) (6 cores per cpu, 2 threads per core) family 6 model 141 stepping 1 microcode 0x3c, cx8, cmov, fxsr, ht, mmx, 3dnowpref, sse, sse2, sse3, ssse3, sse4.1, sse4.2, popcnt, lzcnt, tsc, tscinvbit, avx, avx2, aes, erms, clmul, bmi1, bmi2, adx, avx512f, avx512dq, avx512cd, avx512bw, avx512vl, sha, fma, vzeroupper, avx512_vpopcntdq, avx512_vpclmulqdq, avx512_vaes, avx512_vnni, clflush, clflushopt, clwb, avx512_vbmi2, avx512_vbmi, hv, rdtscp, rdpid, fsrm, gfni, avx512_bitalg

Memory: 4k page, system-wide physical 7955M (408M free)
TotalPageFile size 28925M (AvailPageFile size 56M)
current process WorkingSet (physical memory assigned to process): 11M, peak: 11M
current process commit charge ("private bytes"): 63M, peak: 127M

vm_info: Java HotSpot(TM) 64-Bit Server VM (19.0.1+10-21) for windows-amd64 JRE (19.0.1+10-21), built on 2022-09-14T12:45:06Z by "mach5one" with MS VC++ 17.1 (VS2022)

END.
