#
# There is insufficient memory for the Java Runtime Environment to continue.
# Native memory allocation (mmap) failed to map 28311552 bytes for G1 virtual space
# Possible reasons:
#   The system is out of physical RAM or swap space
#   The process is running with CompressedOops enabled, and the Java Heap may be blocking the growth of the native heap
# Possible solutions:
#   Reduce memory load on the system
#   Increase physical memory or swap space
#   Check if swap backing store is full
#   Decrease Java heap size (-Xmx/-Xms)
#   Decrease number of Java threads
#   Decrease Java thread stack sizes (-Xss)
#   Set larger code cache with -XX:ReservedCodeCacheSize=
#   JVM is running with Unscaled Compressed Oops mode in which the Java heap is
#     placed in the first 4GB address space. The Java Heap base address is the
#     maximum limit for the native heap growth. Please use -XX:HeapBaseMinAddress
#     to set the Java Heap base and to place the Java Heap above 4GB virtual address.
# This output file may be truncated or incomplete.
#
#  Out of Memory Error (os_windows.cpp:3527), pid=25308, tid=24836
#
# JRE version: Java(TM) SE Runtime Environment (19.0.1+10) (build 19.0.1+10-21)
# Java VM: Java HotSpot(TM) 64-Bit Server VM (19.0.1+10-21, mixed mode, sharing, tiered, compressed oops, compressed class ptrs, g1 gc, windows-amd64)
# No core dump will be written. Minidumps are not enabled by default on client versions of Windows
#

---------------  S U M M A R Y ------------

Command Line: org.jetbrains.kotlin.cli.jvm.K2JVMCompiler @E:\demoReactNative\Assignment2\android\app\build\20240216_11985752725443199856.compiler.options

Host: 11th Gen Intel(R) Core(TM) i5-11400H @ 2.70GHz, 12 cores, 7G,  Windows 11 , 64 bit Build 22621 (10.0.22621.3085)
Time: Fri Feb 16 22:54:24 2024 SE Asia Standard Time elapsed time: 3.226399 seconds (0d 0h 0m 3s)

---------------  T H R E A D  ---------------

Current thread (0x000002a1bf8bf340):  VMThread "VM Thread" [stack: 0x000000e8e4c00000,0x000000e8e4d00000] [id=24836]

Stack: [0x000000e8e4c00000,0x000000e8e4d00000]
Native frames: (J=compiled Java code, j=interpreted, Vv=VM code, C=native code)
V  [jvm.dll+0x6ee8fa]
V  [jvm.dll+0x857a1e]
V  [jvm.dll+0x85940e]
V  [jvm.dll+0x859ac3]
V  [jvm.dll+0x28291f]
V  [jvm.dll+0x6eb6e9]
V  [jvm.dll+0x6e028a]
V  [jvm.dll+0x357136]
V  [jvm.dll+0x35eb96]
V  [jvm.dll+0x3b555e]
V  [jvm.dll+0x3b578f]
V  [jvm.dll+0x32c6ea]
V  [jvm.dll+0x32c797]
V  [jvm.dll+0x374b52]
V  [jvm.dll+0x37328f]
V  [jvm.dll+0x32bf10]
V  [jvm.dll+0x37282b]
V  [jvm.dll+0x85ef83]
V  [jvm.dll+0x85fd49]
V  [jvm.dll+0x86027d]
V  [jvm.dll+0x86070b]
V  [jvm.dll+0x8607c7]
V  [jvm.dll+0x8015fa]
V  [jvm.dll+0x6ed5eb]
C  [ucrtbase.dll+0x29363]
C  [KERNEL32.DLL+0x1257d]
C  [ntdll.dll+0x5aa58]

VM_Operation (0x000000e8e46fb2e0): G1CollectForAllocation, mode: safepoint, requested by thread 0x000002a1a0db7670


---------------  P R O C E S S  ---------------

Threads class SMR info:
_java_thread_list=0x000002a1c3d264a0, length=12, elements={
0x000002a1a0db7670, 0x000002a1bf8d7820, 0x000002a1bf8d8410, 0x000002a1bf8d90f0,
0x000002a1bf8dae80, 0x000002a1bf8db8a0, 0x000002a1bf8dc2c0, 0x000002a1bf8e1f50,
0x000002a1bf8eb610, 0x000002a1bf8ebf80, 0x000002a1c3d1cca0, 0x000002a1c3d33560
}

Java Threads: ( => current thread )
  0x000002a1a0db7670 JavaThread "main" [_thread_blocked, id=10124, stack(0x000000e8e4600000,0x000000e8e4700000)]
  0x000002a1bf8d7820 JavaThread "Reference Handler" daemon [_thread_blocked, id=17932, stack(0x000000e8e4d00000,0x000000e8e4e00000)]
  0x000002a1bf8d8410 JavaThread "Finalizer" daemon [_thread_blocked, id=5716, stack(0x000000e8e4e00000,0x000000e8e4f00000)]
  0x000002a1bf8d90f0 JavaThread "Signal Dispatcher" daemon [_thread_blocked, id=12292, stack(0x000000e8e4f00000,0x000000e8e5000000)]
  0x000002a1bf8dae80 JavaThread "Attach Listener" daemon [_thread_blocked, id=17780, stack(0x000000e8e5000000,0x000000e8e5100000)]
  0x000002a1bf8db8a0 JavaThread "Service Thread" daemon [_thread_blocked, id=15752, stack(0x000000e8e5100000,0x000000e8e5200000)]
  0x000002a1bf8dc2c0 JavaThread "Monitor Deflation Thread" daemon [_thread_blocked, id=16664, stack(0x000000e8e5200000,0x000000e8e5300000)]
  0x000002a1bf8e1f50 JavaThread "C2 CompilerThread0" daemon [_thread_blocked, id=8368, stack(0x000000e8e5300000,0x000000e8e5400000)]
  0x000002a1bf8eb610 JavaThread "C1 CompilerThread0" daemon [_thread_blocked, id=26560, stack(0x000000e8e5400000,0x000000e8e5500000)]
  0x000002a1bf8ebf80 JavaThread "Sweeper thread" daemon [_thread_blocked, id=21048, stack(0x000000e8e5500000,0x000000e8e5600000)]
  0x000002a1c3d1cca0 JavaThread "Notification Thread" daemon [_thread_blocked, id=22044, stack(0x000000e8e5600000,0x000000e8e5700000)]
  0x000002a1c3d33560 JavaThread "Common-Cleaner" daemon [_thread_blocked, id=5508, stack(0x000000e8e5800000,0x000000e8e5900000)]

Other Threads:
=>0x000002a1bf8bf340 VMThread "VM Thread" [stack: 0x000000e8e4c00000,0x000000e8e4d00000] [id=24836]
  0x000002a1c3d25620 WatcherThread "VM Periodic Task Thread" [stack: 0x000000e8e5700000,0x000000e8e5800000] [id=14012]
  0x000002a1a0e150d0 WorkerThread "GC Thread#0" [stack: 0x000000e8e4700000,0x000000e8e4800000] [id=10504]
  0x000002a1c4282080 WorkerThread "GC Thread#1" [stack: 0x000000e8e5900000,0x000000e8e5a00000] [id=22520]
  0x000002a1c4282350 WorkerThread "GC Thread#2" [stack: 0x000000e8e5a00000,0x000000e8e5b00000] [id=12304]
  0x000002a1c429cac0 WorkerThread "GC Thread#3" [stack: 0x000000e8e5b00000,0x000000e8e5c00000] [id=14524]
  0x000002a1c429e410 WorkerThread "GC Thread#4" [stack: 0x000000e8e5c00000,0x000000e8e5d00000] [id=19848]
  0x000002a1c429cd90 WorkerThread "GC Thread#5" [stack: 0x000000e8e5d00000,0x000000e8e5e00000] [id=4704]
  0x000002a1c429e140 WorkerThread "GC Thread#6" [stack: 0x000000e8e5e00000,0x000000e8e5f00000] [id=4904]
  0x000002a1c429d600 WorkerThread "GC Thread#7" [stack: 0x000000e8e5f00000,0x000000e8e6000000] [id=13948]
  0x000002a1c429de70 WorkerThread "GC Thread#8" [stack: 0x000000e8e6000000,0x000000e8e6100000] [id=1644]
  0x000002a1c429c7f0 WorkerThread "GC Thread#9" [stack: 0x000000e8e6100000,0x000000e8e6200000] [id=4204]
  0x000002a1a0e25990 ConcurrentGCThread "G1 Main Marker" [stack: 0x000000e8e4800000,0x000000e8e4900000] [id=22772]
  0x000002a1a0e262c0 WorkerThread "G1 Conc#0" [stack: 0x000000e8e4900000,0x000000e8e4a00000] [id=21264]
  0x000002a1c4fd2db0 WorkerThread "G1 Conc#1" [stack: 0x000000e8e6200000,0x000000e8e6300000] [id=3676]
  0x000002a1c4fd3620 WorkerThread "G1 Conc#2" [stack: 0x000000e8e6300000,0x000000e8e6400000] [id=7468]
  0x000002a1a0e6e540 ConcurrentGCThread "G1 Refine#0" [stack: 0x000000e8e4a00000,0x000000e8e4b00000] [id=6876]
  0x000002a1bf778550 ConcurrentGCThread "G1 Service" [stack: 0x000000e8e4b00000,0x000000e8e4c00000] [id=26584]

Threads with active compile tasks:
C2 CompilerThread0     3242 5122   !   4       org.jetbrains.kotlin.storage.LockBasedStorageManager$MapBasedMemoizedFunction::invoke (356 bytes)
C1 CompilerThread0     3242 5315       3       org.jetbrains.kotlin.cli.jvm.index.JvmDependenciesIndexImpl::findClass (239 bytes)

VM state: at safepoint (normal execution)

VM Mutex/Monitor currently owned by a thread:  ([mutex/lock_event])
[0x000002a1a0db1020] Threads_lock - owner thread: 0x000002a1bf8bf340
[0x000002a1a0db1380] Heap_lock - owner thread: 0x000002a1a0db7670

Heap address: 0x0000000083a00000, size: 1990 MB, Compressed Oops mode: 32-bit

CDS archive(s) mapped at: [0x0000000800000000-0x0000000800c40000-0x0000000800c40000), size 12845056, SharedBaseAddress: 0x0000000800000000, ArchiveRelocationMode: 0.
Compressed class space mapped at: 0x0000000801000000-0x0000000841000000, reserved size: 1073741824
Narrow klass base: 0x0000000800000000, Narrow klass shift: 0, Narrow klass range: 0x100000000

GC Precious Log:
 CardTable entry size: 512
 Card Set container configuration: InlinePtr #cards 5 size 8 Array Of Cards #cards 12 size 40 Howl #buckets 4 coarsen threshold 1843 Howl Bitmap #cards 512 size 80 coarsen threshold 460 Card regions per heap region 1 cards per card region 2048
 CPUs: 12 total, 12 available
 Memory: 7955M
 Large Page Support: Disabled
 NUMA Support: Disabled
 Compressed Oops: Enabled (32-bit)
 Heap Region Size: 1M
 Heap Min Capacity: 8M
 Heap Initial Capacity: 126M
 Heap Max Capacity: 1990M
 Pre-touch: Disabled
 Parallel Workers: 10
 Concurrent Workers: 3
 Concurrent Refinement Workers: 10
 Periodic GC: Disabled

Heap:
 garbage-first heap   total 103424K, used 41984K [0x0000000083a00000, 0x0000000100000000)
  region size 1024K, 5 young (5120K), 5 survivors (5120K)
 Metaspace       used 44423K, committed 45184K, reserved 1114112K
  class space    used 5270K, committed 5632K, reserved 1048576K

Heap Regions: E=young(eden), S=young(survivor), O=old, HS=humongous(starts), HC=humongous(continues), CS=collection set, F=free, OA=open archive, CA=closed archive, TAMS=top-at-mark-start (previous, next)
|   0|0x0000000083a00000, 0x0000000083b00000, 0x0000000083b00000|100%|HS|  |TAMS 0x0000000083b00000, 0x0000000083a00000| Complete 
|   1|0x0000000083b00000, 0x0000000083c00000, 0x0000000083c00000|100%|HC|  |TAMS 0x0000000083c00000, 0x0000000083b00000| Complete 
|   2|0x0000000083c00000, 0x0000000083d00000, 0x0000000083d00000|100%|HC|  |TAMS 0x0000000083d00000, 0x0000000083c00000| Complete 
|   3|0x0000000083d00000, 0x0000000083e00000, 0x0000000083e00000|100%|HC|  |TAMS 0x0000000083e00000, 0x0000000083d00000| Complete 
|   4|0x0000000083e00000, 0x0000000083f00000, 0x0000000083f00000|100%| O|  |TAMS 0x0000000083f00000, 0x0000000083e00000| Untracked 
|   5|0x0000000083f00000, 0x0000000084000000, 0x0000000084000000|100%| O|  |TAMS 0x0000000084000000, 0x0000000083f00000| Untracked 
|   6|0x0000000084000000, 0x0000000084100000, 0x0000000084100000|100%| O|  |TAMS 0x0000000084000000, 0x0000000084000000| Untracked 
|   7|0x0000000084100000, 0x0000000084200000, 0x0000000084200000|100%|HS|  |TAMS 0x0000000084200000, 0x0000000084100000| Complete 
|   8|0x0000000084200000, 0x0000000084300000, 0x0000000084300000|100%|HC|  |TAMS 0x0000000084300000, 0x0000000084200000| Complete 
|   9|0x0000000084300000, 0x0000000084400000, 0x0000000084400000|100%|HC|  |TAMS 0x0000000084400000, 0x0000000084300000| Complete 
|  10|0x0000000084400000, 0x0000000084500000, 0x0000000084500000|100%|HC|  |TAMS 0x0000000084500000, 0x0000000084400000| Complete 
|  11|0x0000000084500000, 0x0000000084600000, 0x0000000084600000|100%|HS|  |TAMS 0x0000000084500000, 0x0000000084500000| Complete 
|  12|0x0000000084600000, 0x0000000084700000, 0x0000000084700000|100%|HC|  |TAMS 0x0000000084600000, 0x0000000084600000| Complete 
|  13|0x0000000084700000, 0x0000000084800000, 0x0000000084800000|100%| O|  |TAMS 0x0000000084800000, 0x0000000084700000| Untracked 
|  14|0x0000000084800000, 0x0000000084900000, 0x0000000084900000|100%| O|  |TAMS 0x0000000084900000, 0x0000000084800000| Untracked 
|  15|0x0000000084900000, 0x0000000084a00000, 0x0000000084a00000|100%| O|  |TAMS 0x0000000084a00000, 0x0000000084900000| Untracked 
|  16|0x0000000084a00000, 0x0000000084b00000, 0x0000000084b00000|100%| O|  |TAMS 0x0000000084b00000, 0x0000000084a00000| Untracked 
|  17|0x0000000084b00000, 0x0000000084c00000, 0x0000000084c00000|100%| O|  |TAMS 0x0000000084c00000, 0x0000000084b00000| Untracked 
|  18|0x0000000084c00000, 0x0000000084d00000, 0x0000000084d00000|100%| O|  |TAMS 0x0000000084d00000, 0x0000000084c00000| Untracked 
|  19|0x0000000084d00000, 0x0000000084e00000, 0x0000000084e00000|100%| O|  |TAMS 0x0000000084e00000, 0x0000000084d00000| Untracked 
|  20|0x0000000084e00000, 0x0000000084f00000, 0x0000000084f00000|100%| O|  |TAMS 0x0000000084f00000, 0x0000000084e00000| Untracked 
|  21|0x0000000084f00000, 0x0000000085000000, 0x0000000085000000|100%| O|  |TAMS 0x0000000084f00000, 0x0000000084f00000| Untracked 
|  22|0x0000000085000000, 0x0000000085100000, 0x0000000085100000|100%| O|  |TAMS 0x0000000085000000, 0x0000000085000000| Untracked 
|  23|0x0000000085100000, 0x0000000085200000, 0x0000000085200000|100%| O|  |TAMS 0x0000000085100000, 0x0000000085100000| Untracked 
|  24|0x0000000085200000, 0x0000000085300000, 0x0000000085300000|100%| O|  |TAMS 0x0000000085200000, 0x0000000085200000| Untracked 
|  25|0x0000000085300000, 0x0000000085400000, 0x0000000085400000|100%| O|  |TAMS 0x0000000085300000, 0x0000000085300000| Untracked 
|  26|0x0000000085400000, 0x0000000085500000, 0x0000000085500000|100%| O|  |TAMS 0x0000000085500000, 0x0000000085400000| Untracked 
|  27|0x0000000085500000, 0x0000000085600000, 0x0000000085600000|100%| O|  |TAMS 0x0000000085600000, 0x0000000085500000| Untracked 
|  28|0x0000000085600000, 0x0000000085700000, 0x0000000085700000|100%| O|  |TAMS 0x0000000085700000, 0x0000000085600000| Untracked 
|  29|0x0000000085700000, 0x0000000085800000, 0x0000000085800000|100%| O|  |TAMS 0x0000000085700000, 0x0000000085700000| Untracked 
|  30|0x0000000085800000, 0x0000000085900000, 0x0000000085900000|100%| O|  |TAMS 0x0000000085800000, 0x0000000085800000| Untracked 
|  31|0x0000000085900000, 0x0000000085a00000, 0x0000000085a00000|100%| O|  |TAMS 0x0000000085900000, 0x0000000085900000| Untracked 
|  32|0x0000000085a00000, 0x0000000085a00000, 0x0000000085b00000|  0%| F|  |TAMS 0x0000000085a00000, 0x0000000085a00000| Untracked 
|  33|0x0000000085b00000, 0x0000000085b00000, 0x0000000085c00000|  0%| F|  |TAMS 0x0000000085b00000, 0x0000000085b00000| Untracked 
|  34|0x0000000085c00000, 0x0000000085c00000, 0x0000000085d00000|  0%| F|  |TAMS 0x0000000085c00000, 0x0000000085c00000| Untracked 
|  35|0x0000000085d00000, 0x0000000085d00000, 0x0000000085e00000|  0%| F|  |TAMS 0x0000000085d00000, 0x0000000085d00000| Untracked 
|  36|0x0000000085e00000, 0x0000000085e00000, 0x0000000085f00000|  0%| F|  |TAMS 0x0000000085e00000, 0x0000000085e00000| Untracked 
|  37|0x0000000085f00000, 0x0000000085f00000, 0x0000000086000000|  0%| F|  |TAMS 0x0000000085f00000, 0x0000000085f00000| Untracked 
|  38|0x0000000086000000, 0x0000000086000000, 0x0000000086100000|  0%| F|  |TAMS 0x0000000086000000, 0x0000000086000000| Untracked 
|  39|0x0000000086100000, 0x0000000086200000, 0x0000000086200000|100%| O|  |TAMS 0x0000000086100000, 0x0000000086100000| Untracked 
|  40|0x0000000086200000, 0x0000000086300000, 0x0000000086300000|100%| O|  |TAMS 0x0000000086200000, 0x0000000086200000| Untracked 
|  41|0x0000000086300000, 0x0000000086400000, 0x0000000086400000|100%| O|  |TAMS 0x0000000086300000, 0x0000000086300000| Untracked 
|  42|0x0000000086400000, 0x0000000086500000, 0x0000000086500000|100%| O|  |TAMS 0x0000000086400000, 0x0000000086400000| Untracked 
|  43|0x0000000086500000, 0x0000000086500000, 0x0000000086600000|  0%| F|  |TAMS 0x0000000086500000, 0x0000000086500000| Untracked 
|  44|0x0000000086600000, 0x0000000086600000, 0x0000000086700000|  0%| F|  |TAMS 0x0000000086600000, 0x0000000086600000| Untracked 
|  45|0x0000000086700000, 0x0000000086700000, 0x0000000086800000|  0%| F|  |TAMS 0x0000000086700000, 0x0000000086700000| Untracked 
|  46|0x0000000086800000, 0x0000000086800000, 0x0000000086900000|  0%| F|  |TAMS 0x0000000086800000, 0x0000000086800000| Untracked 
|  47|0x0000000086900000, 0x0000000086900000, 0x0000000086a00000|  0%| F|  |TAMS 0x0000000086900000, 0x0000000086900000| Untracked 
|  48|0x0000000086a00000, 0x0000000086a00000, 0x0000000086b00000|  0%| F|  |TAMS 0x0000000086a00000, 0x0000000086a00000| Untracked 
|  49|0x0000000086b00000, 0x0000000086b00000, 0x0000000086c00000|  0%| F|  |TAMS 0x0000000086b00000, 0x0000000086b00000| Untracked 
|  50|0x0000000086c00000, 0x0000000086c00000, 0x0000000086d00000|  0%| F|  |TAMS 0x0000000086c00000, 0x0000000086c00000| Untracked 
|  51|0x0000000086d00000, 0x0000000086d00000, 0x0000000086e00000|  0%| F|  |TAMS 0x0000000086d00000, 0x0000000086d00000| Untracked 
|  52|0x0000000086e00000, 0x0000000086e00000, 0x0000000086f00000|  0%| F|  |TAMS 0x0000000086e00000, 0x0000000086e00000| Untracked 
|  53|0x0000000086f00000, 0x0000000086f00000, 0x0000000087000000|  0%| F|  |TAMS 0x0000000086f00000, 0x0000000086f00000| Untracked 
|  54|0x0000000087000000, 0x0000000087000000, 0x0000000087100000|  0%| F|  |TAMS 0x0000000087000000, 0x0000000087000000| Untracked 
|  55|0x0000000087100000, 0x0000000087100000, 0x0000000087200000|  0%| F|  |TAMS 0x0000000087100000, 0x0000000087100000| Untracked 
|  56|0x0000000087200000, 0x0000000087300000, 0x0000000087300000|100%| S|CS|TAMS 0x0000000087200000, 0x0000000087200000| Complete 
|  57|0x0000000087300000, 0x0000000087400000, 0x0000000087400000|100%| S|CS|TAMS 0x0000000087300000, 0x0000000087300000| Complete 
|  58|0x0000000087400000, 0x0000000087500000, 0x0000000087500000|100%| S|CS|TAMS 0x0000000087400000, 0x0000000087400000| Complete 
|  59|0x0000000087500000, 0x0000000087600000, 0x0000000087600000|100%| S|CS|TAMS 0x0000000087500000, 0x0000000087500000| Complete 
|  60|0x0000000087600000, 0x0000000087700000, 0x0000000087700000|100%| S|CS|TAMS 0x0000000087600000, 0x0000000087600000| Complete 
|  61|0x0000000087700000, 0x0000000087700000, 0x0000000087800000|  0%| F|  |TAMS 0x0000000087700000, 0x0000000087700000| Untracked 
|  62|0x0000000087800000, 0x0000000087800000, 0x0000000087900000|  0%| F|  |TAMS 0x0000000087800000, 0x0000000087800000| Untracked 
|  63|0x0000000087900000, 0x0000000087900000, 0x0000000087a00000|  0%| F|  |TAMS 0x0000000087900000, 0x0000000087900000| Untracked 
|  64|0x0000000087a00000, 0x0000000087a00000, 0x0000000087b00000|  0%| F|  |TAMS 0x0000000087a00000, 0x0000000087a00000| Untracked 
|  65|0x0000000087b00000, 0x0000000087b00000, 0x0000000087c00000|  0%| F|  |TAMS 0x0000000087b00000, 0x0000000087b00000| Untracked 
|  66|0x0000000087c00000, 0x0000000087c00000, 0x0000000087d00000|  0%| F|  |TAMS 0x0000000087c00000, 0x0000000087c00000| Untracked 
|  67|0x0000000087d00000, 0x0000000087d00000, 0x0000000087e00000|  0%| F|  |TAMS 0x0000000087d00000, 0x0000000087d00000| Untracked 
|  68|0x0000000087e00000, 0x0000000087e00000, 0x0000000087f00000|  0%| F|  |TAMS 0x0000000087e00000, 0x0000000087e00000| Untracked 
|  69|0x0000000087f00000, 0x0000000087f00000, 0x0000000088000000|  0%| F|  |TAMS 0x0000000087f00000, 0x0000000087f00000| Untracked 
|  70|0x0000000088000000, 0x0000000088000000, 0x0000000088100000|  0%| F|  |TAMS 0x0000000088000000, 0x0000000088000000| Untracked 
|  71|0x0000000088100000, 0x0000000088100000, 0x0000000088200000|  0%| F|  |TAMS 0x0000000088100000, 0x0000000088100000| Untracked 
|  72|0x0000000088200000, 0x0000000088200000, 0x0000000088300000|  0%| F|  |TAMS 0x0000000088200000, 0x0000000088200000| Untracked 
|  73|0x0000000088300000, 0x0000000088300000, 0x0000000088400000|  0%| F|  |TAMS 0x0000000088300000, 0x0000000088300000| Untracked 
|  74|0x0000000088400000, 0x0000000088400000, 0x0000000088500000|  0%| F|  |TAMS 0x0000000088400000, 0x0000000088400000| Untracked 
|  75|0x0000000088500000, 0x0000000088500000, 0x0000000088600000|  0%| F|  |TAMS 0x0000000088500000, 0x0000000088500000| Untracked 
|  76|0x0000000088600000, 0x0000000088600000, 0x0000000088700000|  0%| F|  |TAMS 0x0000000088600000, 0x0000000088600000| Untracked 
|  77|0x0000000088700000, 0x0000000088700000, 0x0000000088800000|  0%| F|  |TAMS 0x0000000088700000, 0x0000000088700000| Untracked 
|  78|0x0000000088800000, 0x0000000088800000, 0x0000000088900000|  0%| F|  |TAMS 0x0000000088800000, 0x0000000088800000| Untracked 
|  79|0x0000000088900000, 0x0000000088900000, 0x0000000088a00000|  0%| F|  |TAMS 0x0000000088900000, 0x0000000088900000| Untracked 
|  80|0x0000000088a00000, 0x0000000088a00000, 0x0000000088b00000|  0%| F|  |TAMS 0x0000000088a00000, 0x0000000088a00000| Untracked 
|  81|0x0000000088b00000, 0x0000000088b00000, 0x0000000088c00000|  0%| F|  |TAMS 0x0000000088b00000, 0x0000000088b00000| Untracked 
|  82|0x0000000088c00000, 0x0000000088c00000, 0x0000000088d00000|  0%| F|  |TAMS 0x0000000088c00000, 0x0000000088c00000| Untracked 
|  83|0x0000000088d00000, 0x0000000088d00000, 0x0000000088e00000|  0%| F|  |TAMS 0x0000000088d00000, 0x0000000088d00000| Untracked 
|  84|0x0000000088e00000, 0x0000000088e00000, 0x0000000088f00000|  0%| F|  |TAMS 0x0000000088e00000, 0x0000000088e00000| Untracked 
|  85|0x0000000088f00000, 0x0000000088f00000, 0x0000000089000000|  0%| F|  |TAMS 0x0000000088f00000, 0x0000000088f00000| Untracked 
|  86|0x0000000089000000, 0x0000000089000000, 0x0000000089100000|  0%| F|  |TAMS 0x0000000089000000, 0x0000000089000000| Untracked 
|  87|0x0000000089100000, 0x0000000089100000, 0x0000000089200000|  0%| F|  |TAMS 0x0000000089100000, 0x0000000089100000| Untracked 
|  88|0x0000000089200000, 0x0000000089200000, 0x0000000089300000|  0%| F|  |TAMS 0x0000000089200000, 0x0000000089200000| Untracked 
|  89|0x0000000089300000, 0x0000000089300000, 0x0000000089400000|  0%| F|  |TAMS 0x0000000089300000, 0x0000000089300000| Untracked 
|  90|0x0000000089400000, 0x0000000089400000, 0x0000000089500000|  0%| F|  |TAMS 0x0000000089400000, 0x0000000089400000| Untracked 
|  91|0x0000000089500000, 0x0000000089500000, 0x0000000089600000|  0%| F|  |TAMS 0x0000000089500000, 0x0000000089500000| Untracked 
|  92|0x0000000089600000, 0x0000000089600000, 0x0000000089700000|  0%| F|  |TAMS 0x0000000089600000, 0x0000000089600000| Untracked 
|  93|0x0000000089700000, 0x0000000089700000, 0x0000000089800000|  0%| F|  |TAMS 0x0000000089700000, 0x0000000089700000| Untracked 
|  94|0x0000000089800000, 0x0000000089800000, 0x0000000089900000|  0%| F|  |TAMS 0x0000000089800000, 0x0000000089800000| Untracked 
|  95|0x0000000089900000, 0x0000000089900000, 0x0000000089a00000|  0%| F|  |TAMS 0x0000000089900000, 0x0000000089900000| Untracked 
|  96|0x0000000089a00000, 0x0000000089a00000, 0x0000000089b00000|  0%| F|  |TAMS 0x0000000089a00000, 0x0000000089a00000| Untracked 
|  97|0x0000000089b00000, 0x0000000089b00000, 0x0000000089c00000|  0%| F|  |TAMS 0x0000000089b00000, 0x0000000089b00000| Untracked 
|  98|0x0000000089c00000, 0x0000000089c00000, 0x0000000089d00000|  0%| F|  |TAMS 0x0000000089c00000, 0x0000000089c00000| Untracked 
|  99|0x0000000089d00000, 0x0000000089d00000, 0x0000000089e00000|  0%| F|  |TAMS 0x0000000089d00000, 0x0000000089d00000| Untracked 
| 127|0x000000008b900000, 0x000000008b900000, 0x000000008ba00000|  0%| F|  |TAMS 0x000000008b900000, 0x000000008b900000| Untracked 

Card table byte_map: [0x000002a1b8650000,0x000002a1b8a40000] _byte_map_base: 0x000002a1b8233000

Marking Bits (Prev, Next): (CMBitMap*) 0x000002a1a0e15600, (CMBitMap*) 0x000002a1a0e15640
 Prev Bits: [0x000002a1b8e30000, 0x000002a1bad48000)
 Next Bits: [0x000002a1bad50000, 0x000002a1bcc68000)

Polling page: 0x000002a19ed20000

Metaspace:

Usage:
  Non-class:     38.24 MB used.
      Class:      5.15 MB used.
       Both:     43.38 MB used.

Virtual space:
  Non-class space:       64.00 MB reserved,      38.62 MB ( 60%) committed,  1 nodes.
      Class space:        1.00 GB reserved,       5.50 MB ( <1%) committed,  1 nodes.
             Both:        1.06 GB reserved,      44.12 MB (  4%) committed. 

Chunk freelists:
   Non-Class:  1.16 MB
       Class:  2.53 MB
        Both:  3.69 MB

MaxMetaspaceSize: unlimited
CompressedClassSpaceSize: 1.00 GB
Initial GC threshold: 21.00 MB
Current GC threshold: 59.19 MB
CDS: on
MetaspaceReclaimPolicy: balanced
 - commit_granule_bytes: 65536.
 - commit_granule_words: 8192.
 - virtual_space_node_default_size: 8388608.
 - enlarge_chunks_in_place: 1.
 - new_chunks_are_fully_committed: 0.
 - uncommit_free_chunks: 1.
 - use_allocation_guard: 0.


Internal statistics:

num_allocs_failed_limit: 6.
num_arena_births: 1246.
num_arena_deaths: 0.
num_vsnodes_births: 2.
num_vsnodes_deaths: 0.
num_space_committed: 704.
num_space_uncommitted: 0.
num_chunks_returned_to_freelist: 6.
num_chunks_taken_from_freelist: 2994.
num_chunk_merges: 6.
num_chunk_splits: 2185.
num_chunks_enlarged: 1556.
num_inconsistent_stats: 0.

CodeHeap 'non-profiled nmethods': size=120000Kb used=2111Kb max_used=2111Kb free=117888Kb
 bounds [0x000002a1b07e0000, 0x000002a1b0a50000, 0x000002a1b7d10000]
CodeHeap 'profiled nmethods': size=120000Kb used=12528Kb max_used=12528Kb free=107472Kb
 bounds [0x000002a1a8d10000, 0x000002a1a9950000, 0x000002a1b0240000]
CodeHeap 'non-nmethods': size=5760Kb used=1406Kb max_used=1442Kb free=4353Kb
 bounds [0x000002a1b0240000, 0x000002a1b04b0000, 0x000002a1b07e0000]
 total_blobs=5924 nmethods=5299 adapters=534
 compilation: enabled
              stopped_count=0, restarted_count=0
 full_count=0

Compilation events (20 events):
Event: 3.208 Thread 0x000002a1bf8e1f50 5242       4       java.util.HashSet::<init> (18 bytes)
Event: 3.209 Thread 0x000002a1bf8eb610 5309       3       org.jetbrains.kotlin.types.FlexibleTypesKt::isFlexible (14 bytes)
Event: 3.209 Thread 0x000002a1bf8eb610 nmethod 5309 0x000002a1a9941710 code [0x000002a1a9941940, 0x000002a1a9942088]
Event: 3.209 Thread 0x000002a1bf8eb610 5310       3       kotlin.collections.IntIterator::next (8 bytes)
Event: 3.209 Thread 0x000002a1bf8eb610 nmethod 5310 0x000002a1a9942310 code [0x000002a1a99424e0, 0x000002a1a99428a8]
Event: 3.209 Thread 0x000002a1bf8e1f50 nmethod 5242 0x000002a1b09ef690 code [0x000002a1b09ef820, 0x000002a1b09efaf8]
Event: 3.209 Thread 0x000002a1bf8e1f50 5122   !   4       org.jetbrains.kotlin.storage.LockBasedStorageManager$MapBasedMemoizedFunction::invoke (356 bytes)
Event: 3.210 Thread 0x000002a1bf8eb610 5311       3       gnu.trove.THashSet::rehash (94 bytes)
Event: 3.211 Thread 0x000002a1bf8eb610 nmethod 5311 0x000002a1a9942a90 code [0x000002a1a9942ca0, 0x000002a1a9943538]
Event: 3.211 Thread 0x000002a1bf8eb610 5312       3       org.jetbrains.kotlin.load.java.structure.impl.classFiles.BinaryJavaAnnotationVisitor::convertConstValue (338 bytes)
Event: 3.212 Thread 0x000002a1bf8eb610 nmethod 5312 0x000002a1a9943810 code [0x000002a1a9943ba0, 0x000002a1a9945ca8]
Event: 3.212 Thread 0x000002a1bf8eb610 5313       3       org.jetbrains.kotlin.builtins.KotlinBuiltIns::isBuiltIn (25 bytes)
Event: 3.212 Thread 0x000002a1bf8eb610 nmethod 5313 0x000002a1a9946610 code [0x000002a1a99467c0, 0x000002a1a99469b8]
Event: 3.212 Thread 0x000002a1bf8eb610 5314   !   3       org.jetbrains.kotlin.cli.jvm.index.JvmDependenciesDynamicCompoundIndex::findClass (93 bytes)
Event: 3.213 Thread 0x000002a1bf8eb610 nmethod 5314 0x000002a1a9946a90 code [0x000002a1a99470a0, 0x000002a1a9949ff8]
Event: 3.213 Thread 0x000002a1bf8eb610 5317       3       org.jetbrains.kotlin.descriptors.annotations.AnnotationDescriptor$DefaultImpls::getFqName (44 bytes)
Event: 3.213 Thread 0x000002a1bf8eb610 nmethod 5317 0x000002a1a994b490 code [0x000002a1a994b680, 0x000002a1a994bb08]
Event: 3.213 Thread 0x000002a1bf8eb610 5316       3       org.jetbrains.org.objectweb.asm.ClassReader::readShort (27 bytes)
Event: 3.214 Thread 0x000002a1bf8eb610 nmethod 5316 0x000002a1a994bc10 code [0x000002a1a994bdc0, 0x000002a1a994bf38]
Event: 3.214 Thread 0x000002a1bf8eb610 5315       3       org.jetbrains.kotlin.cli.jvm.index.JvmDependenciesIndexImpl::findClass (239 bytes)

GC Heap History (19 events):
Event: 0.356 GC heap before
{Heap before GC invocations=0 (full 0):
 garbage-first heap   total 129024K, used 27648K [0x0000000083a00000, 0x0000000100000000)
  region size 1024K, 23 young (23552K), 0 survivors (0K)
 Metaspace       used 6697K, committed 6912K, reserved 1114112K
  class space    used 647K, committed 768K, reserved 1048576K
}
Event: 0.359 GC heap after
{Heap after GC invocations=1 (full 0):
 garbage-first heap   total 129024K, used 6997K [0x0000000083a00000, 0x0000000100000000)
  region size 1024K, 3 young (3072K), 3 survivors (3072K)
 Metaspace       used 6697K, committed 6912K, reserved 1114112K
  class space    used 647K, committed 768K, reserved 1048576K
}
Event: 0.764 GC heap before
{Heap before GC invocations=1 (full 0):
 garbage-first heap   total 129024K, used 41813K [0x0000000083a00000, 0x0000000100000000)
  region size 1024K, 37 young (37888K), 3 survivors (3072K)
 Metaspace       used 14804K, committed 15040K, reserved 1114112K
  class space    used 1654K, committed 1792K, reserved 1048576K
}
Event: 0.773 GC heap after
{Heap after GC invocations=2 (full 0):
 garbage-first heap   total 129024K, used 10587K [0x0000000083a00000, 0x0000000100000000)
  region size 1024K, 4 young (4096K), 4 survivors (4096K)
 Metaspace       used 14804K, committed 15040K, reserved 1114112K
  class space    used 1654K, committed 1792K, reserved 1048576K
}
Event: 1.112 GC heap before
{Heap before GC invocations=2 (full 0):
 garbage-first heap   total 129024K, used 37211K [0x0000000083a00000, 0x0000000100000000)
  region size 1024K, 27 young (27648K), 4 survivors (4096K)
 Metaspace       used 21263K, committed 21504K, reserved 1114112K
  class space    used 2599K, committed 2752K, reserved 1048576K
}
Event: 1.117 GC heap after
{Heap after GC invocations=3 (full 0):
 garbage-first heap   total 129024K, used 16889K [0x0000000083a00000, 0x0000000100000000)
  region size 1024K, 6 young (6144K), 6 survivors (6144K)
 Metaspace       used 21263K, committed 21504K, reserved 1114112K
  class space    used 2599K, committed 2752K, reserved 1048576K
}
Event: 1.555 GC heap before
{Heap before GC invocations=4 (full 0):
 garbage-first heap   total 65536K, used 51705K [0x0000000083a00000, 0x0000000100000000)
  region size 1024K, 38 young (38912K), 6 survivors (6144K)
 Metaspace       used 26610K, committed 26880K, reserved 1114112K
  class space    used 3470K, committed 3584K, reserved 1048576K
}
Event: 1.568 GC heap after
{Heap after GC invocations=5 (full 0):
 garbage-first heap   total 65536K, used 23915K [0x0000000083a00000, 0x0000000100000000)
  region size 1024K, 5 young (5120K), 5 survivors (5120K)
 Metaspace       used 26610K, committed 26880K, reserved 1114112K
  class space    used 3470K, committed 3584K, reserved 1048576K
}
Event: 1.575 GC heap before
{Heap before GC invocations=5 (full 0):
 garbage-first heap   total 65536K, used 24939K [0x0000000083a00000, 0x0000000100000000)
  region size 1024K, 6 young (6144K), 5 survivors (5120K)
 Metaspace       used 26671K, committed 26944K, reserved 1114112K
  class space    used 3475K, committed 3584K, reserved 1048576K
}
Event: 1.580 GC heap after
{Heap after GC invocations=6 (full 0):
 garbage-first heap   total 65536K, used 24959K [0x0000000083a00000, 0x0000000100000000)
  region size 1024K, 1 young (1024K), 1 survivors (1024K)
 Metaspace       used 26671K, committed 26944K, reserved 1114112K
  class space    used 3475K, committed 3584K, reserved 1048576K
}
Event: 1.887 GC heap before
{Heap before GC invocations=6 (full 0):
 garbage-first heap   total 65536K, used 47487K [0x0000000083a00000, 0x0000000100000000)
  region size 1024K, 24 young (24576K), 1 survivors (1024K)
 Metaspace       used 31012K, committed 31296K, reserved 1114112K
  class space    used 3869K, committed 3968K, reserved 1048576K
}
Event: 1.890 GC heap after
{Heap after GC invocations=7 (full 0):
 garbage-first heap   total 131072K, used 25013K [0x0000000083a00000, 0x0000000100000000)
  region size 1024K, 3 young (3072K), 3 survivors (3072K)
 Metaspace       used 31012K, committed 31296K, reserved 1114112K
  class space    used 3869K, committed 3968K, reserved 1048576K
}
Event: 2.183 GC heap before
{Heap before GC invocations=7 (full 0):
 garbage-first heap   total 131072K, used 52661K [0x0000000083a00000, 0x0000000100000000)
  region size 1024K, 31 young (31744K), 3 survivors (3072K)
 Metaspace       used 35405K, committed 36096K, reserved 1114112K
  class space    used 4396K, committed 4736K, reserved 1048576K
}
Event: 2.187 GC heap after
{Heap after GC invocations=8 (full 0):
 garbage-first heap   total 131072K, used 27557K [0x0000000083a00000, 0x0000000100000000)
  region size 1024K, 6 young (6144K), 6 survivors (6144K)
 Metaspace       used 35405K, committed 36096K, reserved 1114112K
  class space    used 4396K, committed 4736K, reserved 1048576K
}
Event: 2.696 GC heap before
{Heap before GC invocations=9 (full 0):
 garbage-first heap   total 99328K, used 83877K [0x0000000083a00000, 0x0000000100000000)
  region size 1024K, 58 young (59392K), 6 survivors (6144K)
 Metaspace       used 41184K, committed 41920K, reserved 1114112K
  class space    used 5022K, committed 5376K, reserved 1048576K
}
Event: 2.705 GC heap after
{Heap after GC invocations=10 (full 0):
 garbage-first heap   total 99328K, used 35011K [0x0000000083a00000, 0x0000000100000000)
  region size 1024K, 8 young (8192K), 8 survivors (8192K)
 Metaspace       used 41184K, committed 41920K, reserved 1114112K
  class space    used 5022K, committed 5376K, reserved 1048576K
}
Event: 2.716 GC heap before
{Heap before GC invocations=10 (full 0):
 garbage-first heap   total 99328K, used 36035K [0x0000000083a00000, 0x0000000100000000)
  region size 1024K, 9 young (9216K), 8 survivors (8192K)
 Metaspace       used 41251K, committed 41984K, reserved 1114112K
  class space    used 5028K, committed 5376K, reserved 1048576K
}
Event: 2.724 GC heap after
{Heap after GC invocations=11 (full 0):
 garbage-first heap   total 99328K, used 35840K [0x0000000083a00000, 0x0000000100000000)
  region size 1024K, 1 young (1024K), 1 survivors (1024K)
 Metaspace       used 41251K, committed 41984K, reserved 1114112K
  class space    used 5028K, committed 5376K, reserved 1048576K
}
Event: 3.215 GC heap before
{Heap before GC invocations=11 (full 0):
 garbage-first heap   total 99328K, used 70656K [0x0000000083a00000, 0x0000000100000000)
  region size 1024K, 36 young (36864K), 1 survivors (1024K)
 Metaspace       used 44423K, committed 45184K, reserved 1114112K
  class space    used 5270K, committed 5632K, reserved 1048576K
}

Dll operation events (7 events):
Event: 0.005 Loaded shared library C:\Program Files\Java\jdk-19\bin\java.dll
Event: 0.013 Loaded shared library C:\Program Files\Java\jdk-19\bin\jsvml.dll
Event: 0.041 Loaded shared library C:\Program Files\Java\jdk-19\bin\net.dll
Event: 0.042 Loaded shared library C:\Program Files\Java\jdk-19\bin\nio.dll
Event: 0.063 Loaded shared library C:\Program Files\Java\jdk-19\bin\zip.dll
Event: 0.085 Loaded shared library C:\Program Files\Java\jdk-19\bin\jimage.dll
Event: 0.622 Loaded shared library C:\Program Files\Java\jdk-19\bin\verify.dll

Deoptimization events (20 events):
Event: 3.196 Thread 0x000002a1a0db7670 Uncommon trap: trap_request=0xffffffde fr.pc=0x000002a1b0996cdc relative=0x00000000000000bc
Event: 3.196 Thread 0x000002a1a0db7670 Uncommon trap: reason=class_check action=maybe_recompile pc=0x000002a1b0996cdc method=java.util.Collections$UnmodifiableCollection$1.next()Ljava/lang/Object; @ 4 c2
Event: 3.196 Thread 0x000002a1a0db7670 DEOPT PACKING pc=0x000002a1b0996cdc sp=0x000000e8e46fa3b0
Event: 3.196 Thread 0x000002a1a0db7670 DEOPT UNPACKING pc=0x000002a1b02aa5a3 sp=0x000000e8e46fa358 mode 2
Event: 3.197 Thread 0x000002a1a0db7670 Uncommon trap: trap_request=0xffffffde fr.pc=0x000002a1b08d5704 relative=0x0000000000000064
Event: 3.197 Thread 0x000002a1a0db7670 Uncommon trap: reason=class_check action=maybe_recompile pc=0x000002a1b08d5704 method=java.util.Collections$UnmodifiableCollection.size()I @ 4 c2
Event: 3.197 Thread 0x000002a1a0db7670 DEOPT PACKING pc=0x000002a1b08d5704 sp=0x000000e8e46fa6c0
Event: 3.197 Thread 0x000002a1a0db7670 DEOPT UNPACKING pc=0x000002a1b02aa5a3 sp=0x000000e8e46fa648 mode 2
Event: 3.197 Thread 0x000002a1a0db7670 Uncommon trap: trap_request=0xffffff45 fr.pc=0x000002a1b0946528 relative=0x0000000000000208
Event: 3.197 Thread 0x000002a1a0db7670 Uncommon trap: reason=unstable_if action=reinterpret pc=0x000002a1b0946528 method=java.util.HashMap.getNode(Ljava/lang/Object;)Ljava/util/HashMap$Node; @ 66 c2
Event: 3.197 Thread 0x000002a1a0db7670 DEOPT PACKING pc=0x000002a1b0946528 sp=0x000000e8e46fb3c0
Event: 3.197 Thread 0x000002a1a0db7670 DEOPT UNPACKING pc=0x000002a1b02aa5a3 sp=0x000000e8e46fb2c8 mode 2
Event: 3.207 Thread 0x000002a1a0db7670 Uncommon trap: trap_request=0xffffff45 fr.pc=0x000002a1b083e474 relative=0x0000000000000254
Event: 3.207 Thread 0x000002a1a0db7670 Uncommon trap: reason=unstable_if action=reinterpret pc=0x000002a1b083e474 method=java.util.HashMap.hash(Ljava/lang/Object;)I @ 1 c2
Event: 3.207 Thread 0x000002a1a0db7670 DEOPT PACKING pc=0x000002a1b083e474 sp=0x000000e8e46fccb0
Event: 3.207 Thread 0x000002a1a0db7670 DEOPT UNPACKING pc=0x000002a1b02aa5a3 sp=0x000000e8e46fcba8 mode 2
Event: 3.207 Thread 0x000002a1a0db7670 Uncommon trap: trap_request=0xffffff45 fr.pc=0x000002a1b0838b38 relative=0x0000000000000098
Event: 3.207 Thread 0x000002a1a0db7670 Uncommon trap: reason=unstable_if action=reinterpret pc=0x000002a1b0838b38 method=java.util.HashMap.hash(Ljava/lang/Object;)I @ 1 c2
Event: 3.207 Thread 0x000002a1a0db7670 DEOPT PACKING pc=0x000002a1b0838b38 sp=0x000000e8e46fcc00
Event: 3.207 Thread 0x000002a1a0db7670 DEOPT UNPACKING pc=0x000002a1b02aa5a3 sp=0x000000e8e46fcb98 mode 2

Classes loaded (20 events):
Event: 2.226 Loading class java/util/BitSet
Event: 2.227 Loading class java/util/BitSet done
Event: 2.228 Loading class java/util/PrimitiveIterator$OfInt
Event: 2.229 Loading class java/util/PrimitiveIterator
Event: 2.229 Loading class java/util/PrimitiveIterator done
Event: 2.229 Loading class java/util/PrimitiveIterator$OfInt done
Event: 2.249 Loading class java/util/function/IntUnaryOperator
Event: 2.250 Loading class java/util/function/IntUnaryOperator done
Event: 2.314 Loading class java/util/ArrayList$ListItr
Event: 2.314 Loading class java/util/ArrayList$ListItr done
Event: 2.362 Loading class java/util/AbstractList$SubList$1
Event: 2.362 Loading class java/util/AbstractList$SubList$1 done
Event: 2.362 Loading class java/util/AbstractList$ListItr
Event: 2.362 Loading class java/util/AbstractList$ListItr done
Event: 2.411 Loading class java/text/StringCharacterIterator
Event: 2.412 Loading class java/text/CharacterIterator
Event: 2.412 Loading class java/text/CharacterIterator done
Event: 2.412 Loading class java/text/StringCharacterIterator done
Event: 2.827 Loading class java/util/RegularEnumSet$EnumSetIterator
Event: 2.827 Loading class java/util/RegularEnumSet$EnumSetIterator done

Classes unloaded (0 events):
No events

Classes redefined (0 events):
No events

Internal exceptions (20 events):
Event: 2.119 Thread 0x000002a1a0db7670 Exception <a 'java/lang/NoSuchMethodError'{0x000000008a5af1d0}: 'java.lang.Object java.lang.invoke.DelegatingMethodHandle$Holder.reinvoke_L(java.lang.Object, java.lang.Object, java.lang.Object, java.lang.Object, java.lang.Object, java.lang.Object, java.lang.Object, java.lang.Object, java.lang.Object, java.lang.Object, java.lang.Object, java.lang.Object, java.lang.Object, java.lang.Object, java.lang.Object, java.lang.Object)'> (0x000000008a5af1d0) 
thrown [s\open\src\hotspot\share\interpreter\linkResolver.c
Event: 2.129 Thread 0x000002a1a0db7670 Exception <a 'java/lang/NoSuchMethodError'{0x000000008a4b9be0}: 'java.lang.Object java.lang.invoke.DirectMethodHandle$Holder.newInvokeSpecial(java.lang.Object, java.lang.Object, java.lang.Object, java.lang.Object, java.lang.Object, java.lang.Object, java.lang.Object, java.lang.Object, java.lang.Object, java.lang.Object, java.lang.Object, java.lang.Object, java.lang.Object, java.lang.Object, java.lang.Object, java.lang.Object, java.lang.Object, java.lang.Object, java.lang.Object, java.lang.Object, java.lang
Event: 2.129 Thread 0x000002a1a0db7670 Exception <a 'java/lang/NoSuchMethodError'{0x000000008a4c0c90}: 'java.lang.Object java.lang.invoke.DirectMethodHandle$Holder.invokeSpecial(java.lang.Object, java.lang.Object, java.lang.Object, java.lang.Object, java.lang.Object, java.lang.Object, java.lang.Object, java.lang.Object, java.lang.Object, java.lang.Object, java.lang.Object, java.lang.Object, java.lang.Object, java.lang.Object, java.lang.Object, java.lang.Object, java.lang.Object, java.lang.Object, java.lang.Object, java.lang.Object, java.lang.Ob
Event: 2.129 Thread 0x000002a1a0db7670 Exception <a 'java/lang/NoSuchMethodError'{0x000000008a4c6678}: 'java.lang.Object java.lang.invoke.DelegatingMethodHandle$Holder.reinvoke_L(java.lang.Object, java.lang.Object, java.lang.Object, java.lang.Object, java.lang.Object, java.lang.Object, java.lang.Object, java.lang.Object, java.lang.Object, java.lang.Object, java.lang.Object, java.lang.Object, java.lang.Object, java.lang.Object, java.lang.Object, java.lang.Object, java.lang.Object, java.lang.Object, java.lang.Object, java.lang.Object, java.lang.O
Event: 2.133 Thread 0x000002a1a0db7670 Exception <a 'java/lang/NoSuchMethodError'{0x000000008a3960f0}: 'java.lang.Object java.lang.invoke.DirectMethodHandle$Holder.invokeStatic(java.lang.Object, java.lang.Object, java.lang.Object, java.lang.Object, java.lang.Object, java.lang.Object, java.lang.Object, java.lang.Object, java.lang.Object, java.lang.Object, java.lang.Object, java.lang.Object, java.lang.Object, java.lang.Object, java.lang.Object, java.lang.Object, java.lang.Object, java.lang.Object, java.lang.Object, java.lang.Object, java.lang.Obj
Event: 2.134 Thread 0x000002a1a0db7670 Exception <a 'java/lang/NoSuchMethodError'{0x000000008a3c8468}: 'java.lang.Object java.lang.invoke.DirectMethodHandle$Holder.invokeStatic(java.lang.Object, java.lang.Object, java.lang.Object, java.lang.Object, java.lang.Object, java.lang.Object, java.lang.Object, java.lang.Object, java.lang.Object, java.lang.Object, java.lang.Object, java.lang.Object, java.lang.Object, java.lang.Object, java.lang.Object, java.lang.Object, java.lang.Object, java.lang.Object, java.lang.Object, java.lang.Object, java.lang.Obj
Event: 2.140 Thread 0x000002a1a0db7670 Exception <a 'java/lang/NoSuchMethodError'{0x000000008a228b98}: 'java.lang.Object java.lang.invoke.DirectMethodHandle$Holder.newInvokeSpecial(java.lang.Object, java.lang.Object, java.lang.Object, java.lang.Object, java.lang.Object, java.lang.Object, java.lang.Object, java.lang.Object, java.lang.Object, java.lang.Object, java.lang.Object, java.lang.Object, java.lang.Object)'> (0x000000008a228b98) 
thrown [s\open\src\hotspot\share\interpreter\linkResolver.cpp, line 774]
Event: 2.141 Thread 0x000002a1a0db7670 Exception <a 'java/lang/NoSuchMethodError'{0x000000008a22dda0}: 'java.lang.Object java.lang.invoke.DirectMethodHandle$Holder.invokeSpecial(java.lang.Object, java.lang.Object, java.lang.Object, java.lang.Object, java.lang.Object, java.lang.Object, java.lang.Object, java.lang.Object, java.lang.Object, java.lang.Object, java.lang.Object, java.lang.Object, java.lang.Object, java.lang.Object)'> (0x000000008a22dda0) 
thrown [s\open\src\hotspot\share\interpreter\linkResolver.cpp, line 774]
Event: 2.141 Thread 0x000002a1a0db7670 Exception <a 'java/lang/NoSuchMethodError'{0x000000008a232560}: 'java.lang.Object java.lang.invoke.DelegatingMethodHandle$Holder.reinvoke_L(java.lang.Object, java.lang.Object, java.lang.Object, java.lang.Object, java.lang.Object, java.lang.Object, java.lang.Object, java.lang.Object, java.lang.Object, java.lang.Object, java.lang.Object, java.lang.Object, java.lang.Object)'> (0x000000008a232560) 
thrown [s\open\src\hotspot\share\interpreter\linkResolver.cpp, line 774]
Event: 2.151 Thread 0x000002a1a0db7670 Exception <a 'java/lang/NoSuchMethodError'{0x000000008a129e78}: 'java.lang.Object java.lang.invoke.DirectMethodHandle$Holder.newInvokeSpecial(java.lang.Object, java.lang.Object, java.lang.Object, java.lang.Object, java.lang.Object, java.lang.Object, java.lang.Object, java.lang.Object, java.lang.Object, java.lang.Object, java.lang.Object, java.lang.Object, java.lang.Object, java.lang.Object, java.lang.Object, java.lang.Object, java.lang.Object, java.lang.Object, java.lang.Object)'> (0x000000008a129e78) 
thr
Event: 2.151 Thread 0x000002a1a0db7670 Exception <a 'java/lang/NoSuchMethodError'{0x000000008a12ff40}: 'java.lang.Object java.lang.invoke.DirectMethodHandle$Holder.invokeSpecial(java.lang.Object, java.lang.Object, java.lang.Object, java.lang.Object, java.lang.Object, java.lang.Object, java.lang.Object, java.lang.Object, java.lang.Object, java.lang.Object, java.lang.Object, java.lang.Object, java.lang.Object, java.lang.Object, java.lang.Object, java.lang.Object, java.lang.Object, java.lang.Object, java.lang.Object, java.lang.Object)'> (0x0000000
Event: 2.151 Thread 0x000002a1a0db7670 Exception <a 'java/lang/NoSuchMethodError'{0x000000008a134fb8}: 'java.lang.Object java.lang.invoke.DelegatingMethodHandle$Holder.reinvoke_L(java.lang.Object, java.lang.Object, java.lang.Object, java.lang.Object, java.lang.Object, java.lang.Object, java.lang.Object, java.lang.Object, java.lang.Object, java.lang.Object, java.lang.Object, java.lang.Object, java.lang.Object, java.lang.Object, java.lang.Object, java.lang.Object, java.lang.Object, java.lang.Object, java.lang.Object)'> (0x000000008a134fb8) 
throw
Event: 2.250 Thread 0x000002a1a0db7670 Exception <a 'java/lang/NoSuchMethodError'{0x00000000892f2da8}: 'java.lang.Object java.lang.invoke.DirectMethodHandle$Holder.newInvokeSpecial(java.lang.Object, java.lang.Object, int)'> (0x00000000892f2da8) 
thrown [s\open\src\hotspot\share\interpreter\linkResolver.cpp, line 774]
Event: 2.327 Thread 0x000002a1a0db7670 Exception <a 'java/lang/NoSuchMethodError'{0x0000000088ff04c0}: 'java.lang.Object java.lang.invoke.DirectMethodHandle$Holder.newInvokeSpecial(java.lang.Object, java.lang.Object, java.lang.Object, int)'> (0x0000000088ff04c0) 
thrown [s\open\src\hotspot\share\interpreter\linkResolver.cpp, line 774]
Event: 2.327 Thread 0x000002a1a0db7670 Exception <a 'java/lang/NoSuchMethodError'{0x0000000088ff4890}: 'java.lang.Object java.lang.invoke.DirectMethodHandle$Holder.invokeSpecial(java.lang.Object, java.lang.Object, java.lang.Object, java.lang.Object, int)'> (0x0000000088ff4890) 
thrown [s\open\src\hotspot\share\interpreter\linkResolver.cpp, line 774]
Event: 2.328 Thread 0x000002a1a0db7670 Exception <a 'java/lang/NoSuchMethodError'{0x0000000088ff8258}: 'java.lang.Object java.lang.invoke.Invokers$Holder.linkToTargetMethod(java.lang.Object, java.lang.Object, int, java.lang.Object)'> (0x0000000088ff8258) 
thrown [s\open\src\hotspot\share\interpreter\linkResolver.cpp, line 774]
Event: 2.708 Thread 0x000002a1a0db7670 Implicit null exception at 0x000002a1b084f508 to 0x000002a1b084fb44
Event: 2.891 Thread 0x000002a1a0db7670 Exception <a 'java/lang/NoSuchMethodError'{0x00000000890ff2e8}: 'java.lang.Object java.lang.invoke.DirectMethodHandle$Holder.invokeStaticInit(java.lang.Object, java.lang.Object, java.lang.Object)'> (0x00000000890ff2e8) 
thrown [s\open\src\hotspot\share\interpreter\linkResolver.cpp, line 774]
Event: 3.207 Thread 0x000002a1a0db7670 Implicit null exception at 0x000002a1b083e271 to 0x000002a1b083e45c
Event: 3.207 Thread 0x000002a1a0db7670 Implicit null exception at 0x000002a1b0838aaf to 0x000002a1b0838b29

VM Operations (20 events):
Event: 2.724 Executing VM operation: G1CollectForAllocation done
Event: 2.904 Executing VM operation: ICBufferFull
Event: 2.904 Executing VM operation: ICBufferFull done
Event: 2.967 Executing VM operation: ICBufferFull
Event: 2.967 Executing VM operation: ICBufferFull done
Event: 3.046 Executing VM operation: ICBufferFull
Event: 3.046 Executing VM operation: ICBufferFull done
Event: 3.079 Executing VM operation: HandshakeAllThreads
Event: 3.079 Executing VM operation: HandshakeAllThreads done
Event: 3.086 Executing VM operation: HandshakeAllThreads
Event: 3.086 Executing VM operation: HandshakeAllThreads done
Event: 3.088 Executing VM operation: HandshakeAllThreads
Event: 3.088 Executing VM operation: HandshakeAllThreads done
Event: 3.105 Executing VM operation: ICBufferFull
Event: 3.105 Executing VM operation: ICBufferFull done
Event: 3.164 Executing VM operation: ICBufferFull
Event: 3.164 Executing VM operation: ICBufferFull done
Event: 3.208 Executing VM operation: ICBufferFull
Event: 3.208 Executing VM operation: ICBufferFull done
Event: 3.215 Executing VM operation: G1CollectForAllocation

Events (12 events):
Event: 0.013 Thread 0x000002a1a0db7670 Thread added: 0x000002a1a0db7670
Event: 0.020 Thread 0x000002a1bf8d7820 Thread added: 0x000002a1bf8d7820
Event: 0.020 Thread 0x000002a1bf8d8410 Thread added: 0x000002a1bf8d8410
Event: 0.021 Thread 0x000002a1bf8d90f0 Thread added: 0x000002a1bf8d90f0
Event: 0.021 Thread 0x000002a1bf8dae80 Thread added: 0x000002a1bf8dae80
Event: 0.021 Thread 0x000002a1bf8db8a0 Thread added: 0x000002a1bf8db8a0
Event: 0.021 Thread 0x000002a1bf8dc2c0 Thread added: 0x000002a1bf8dc2c0
Event: 0.021 Thread 0x000002a1bf8e1f50 Thread added: 0x000002a1bf8e1f50
Event: 0.021 Thread 0x000002a1bf8eb610 Thread added: 0x000002a1bf8eb610
Event: 0.021 Thread 0x000002a1bf8ebf80 Thread added: 0x000002a1bf8ebf80
Event: 0.036 Thread 0x000002a1c3d1cca0 Thread added: 0x000002a1c3d1cca0
Event: 0.038 Thread 0x000002a1c3d33560 Thread added: 0x000002a1c3d33560


Dynamic libraries:
0x00007ff6230a0000 - 0x00007ff6230b0000 	C:\Program Files\Java\jdk-19\bin\java.exe
0x00007ffe7b570000 - 0x00007ffe7b787000 	C:\WINDOWS\SYSTEM32\ntdll.dll
0x00007ffe7a0b0000 - 0x00007ffe7a174000 	C:\WINDOWS\System32\KERNEL32.DLL
0x00007ffe789f0000 - 0x00007ffe78d96000 	C:\WINDOWS\System32\KERNELBASE.dll
0x00007ffe78fd0000 - 0x00007ffe790e1000 	C:\WINDOWS\System32\ucrtbase.dll
0x00007ffe6f440000 - 0x00007ffe6f458000 	C:\Program Files\Java\jdk-19\bin\jli.dll
0x00007ffe6f420000 - 0x00007ffe6f43b000 	C:\Program Files\Java\jdk-19\bin\VCRUNTIME140.dll
0x00007ffe79900000 - 0x00007ffe799b3000 	C:\WINDOWS\System32\ADVAPI32.dll
0x00007ffe79340000 - 0x00007ffe793e7000 	C:\WINDOWS\System32\msvcrt.dll
0x00007ffe7b460000 - 0x00007ffe7b508000 	C:\WINDOWS\System32\sechost.dll
0x00007ffe78950000 - 0x00007ffe78978000 	C:\WINDOWS\System32\bcrypt.dll
0x00007ffe79780000 - 0x00007ffe79897000 	C:\WINDOWS\System32\RPCRT4.dll
0x00007ffe795c0000 - 0x00007ffe7976e000 	C:\WINDOWS\System32\USER32.dll
0x00007ffe5a110000 - 0x00007ffe5a3a3000 	C:\WINDOWS\WinSxS\amd64_microsoft.windows.common-controls_6595b64144ccf1df_6.0.22621.2506_none_270c5ae97388e100\COMCTL32.dll
0x00007ffe790f0000 - 0x00007ffe79116000 	C:\WINDOWS\System32\win32u.dll
0x00007ffe7a180000 - 0x00007ffe7a1a9000 	C:\WINDOWS\System32\GDI32.dll
0x00007ffe791a0000 - 0x00007ffe792b8000 	C:\WINDOWS\System32\gdi32full.dll
0x00007ffe788b0000 - 0x00007ffe7894a000 	C:\WINDOWS\System32\msvcp_win.dll
0x00007ffe6fb10000 - 0x00007ffe6fb1a000 	C:\WINDOWS\SYSTEM32\VERSION.dll
0x00007ffe7b420000 - 0x00007ffe7b451000 	C:\WINDOWS\System32\IMM32.DLL
0x00007ffe72540000 - 0x00007ffe7254c000 	C:\Program Files\Java\jdk-19\bin\vcruntime140_1.dll
0x00007ffe304d0000 - 0x00007ffe3055e000 	C:\Program Files\Java\jdk-19\bin\msvcp140.dll
0x00007ffe079b0000 - 0x00007ffe08670000 	C:\Program Files\Java\jdk-19\bin\server\jvm.dll
0x00007ffe5eb20000 - 0x00007ffe5eb29000 	C:\WINDOWS\SYSTEM32\WSOCK32.dll
0x00007ffe713d0000 - 0x00007ffe71404000 	C:\WINDOWS\SYSTEM32\WINMM.dll
0x00007ffe792c0000 - 0x00007ffe79331000 	C:\WINDOWS\System32\WS2_32.dll
0x00007ffe779a0000 - 0x00007ffe779b8000 	C:\WINDOWS\SYSTEM32\kernel.appcore.dll
0x00007ffe71160000 - 0x00007ffe7116a000 	C:\Program Files\Java\jdk-19\bin\jimage.dll
0x00007ffe76200000 - 0x00007ffe76433000 	C:\WINDOWS\SYSTEM32\DBGHELP.DLL
0x00007ffe7af60000 - 0x00007ffe7b2e9000 	C:\WINDOWS\System32\combase.dll
0x00007ffe7b340000 - 0x00007ffe7b417000 	C:\WINDOWS\System32\OLEAUT32.dll
0x00007ffe6f160000 - 0x00007ffe6f192000 	C:\WINDOWS\SYSTEM32\dbgcore.DLL
0x00007ffe79120000 - 0x00007ffe7919a000 	C:\WINDOWS\System32\bcryptPrimitives.dll
0x00007ffe51fb0000 - 0x00007ffe51fd6000 	C:\Program Files\Java\jdk-19\bin\java.dll
0x00007ffe2ff50000 - 0x00007ffe30027000 	C:\Program Files\Java\jdk-19\bin\jsvml.dll
0x00007ffe7a4b0000 - 0x00007ffe7ad0b000 	C:\WINDOWS\System32\SHELL32.dll
0x00007ffe767d0000 - 0x00007ffe770c6000 	C:\WINDOWS\SYSTEM32\windows.storage.dll
0x00007ffe76690000 - 0x00007ffe767ce000 	C:\WINDOWS\SYSTEM32\wintypes.dll
0x00007ffe7ad20000 - 0x00007ffe7ae13000 	C:\WINDOWS\System32\SHCORE.dll
0x00007ffe798a0000 - 0x00007ffe798fe000 	C:\WINDOWS\System32\shlwapi.dll
0x00007ffe787e0000 - 0x00007ffe78806000 	C:\WINDOWS\SYSTEM32\profapi.dll
0x00007ffe6f260000 - 0x00007ffe6f273000 	C:\Program Files\Java\jdk-19\bin\net.dll
0x00007ffe71fa0000 - 0x00007ffe720d7000 	C:\WINDOWS\SYSTEM32\WINHTTP.dll
0x00007ffe77e20000 - 0x00007ffe77e89000 	C:\WINDOWS\system32\mswsock.dll
0x00007ffe6d5d0000 - 0x00007ffe6d5e6000 	C:\Program Files\Java\jdk-19\bin\nio.dll
0x00007ffe51f90000 - 0x00007ffe51fa8000 	C:\Program Files\Java\jdk-19\bin\zip.dll
0x00007ffe710e0000 - 0x00007ffe710f0000 	C:\Program Files\Java\jdk-19\bin\verify.dll

dbghelp: loaded successfully - version: 4.0.5 - missing functions: none
symbol engine: initialized successfully - sym options: 0x614 - pdb path: .;C:\Program Files\Java\jdk-19\bin;C:\WINDOWS\SYSTEM32;C:\WINDOWS\WinSxS\amd64_microsoft.windows.common-controls_6595b64144ccf1df_6.0.22621.2506_none_270c5ae97388e100;C:\Program Files\Java\jdk-19\bin\server

VM Arguments:
java_command: org.jetbrains.kotlin.cli.jvm.K2JVMCompiler @E:\demoReactNative\Assignment2\android\app\build\20240216_11985752725443199856.compiler.options
java_class_path (initial): C:\Users\admin\.gradle\caches\modules-2\files-2.1\org.jetbrains.kotlin\kotlin-compiler-embeddable\1.8.0\eb9118d4bcceaa2a94b2ae2a33a4ddba7c9a947f\kotlin-compiler-embeddable-1.8.0.jar;C:\Users\admin\.gradle\caches\modules-2\files-2.1\org.jetbrains.kotlin\kotlin-stdlib\1.8.0\1796921c7a3e2e2665a83e6c8d33399336cd39bc\kotlin-stdlib-1.8.0.jar;C:\Users\admin\.gradle\caches\modules-2\files-2.1\org.jetbrains.kotlin\kotlin-script-runtime\1.8.0\b2f7e760d283cb339974851c222a4c1d48f2d3d\kotlin-script-runtime-1.8.0.jar;C:\Users\admin\.gradle\caches\modules-2\files-2.1\org.jetbrains.kotlin\kotlin-reflect\1.6.10\1cbe9c92c12a94eea200d23c2bbaedaf3daf5132\kotlin-reflect-1.6.10.jar;C:\Users\admin\.gradle\caches\modules-2\files-2.1\org.jetbrains.kotlin\kotlin-daemon-embeddable\1.8.0\d255216c551685dc3a7e852b53617f5f01aaaa5c\kotlin-daemon-embeddable-1.8.0.jar;C:\Users\admin\.gradle\caches\modules-2\files-2.1\org.jetbrains.intellij.deps\trove4j\1.0.20200330\3afb14d5f9ceb459d724e907a21145e8ff394f02\trove4j-1.0.20200330.jar;C:\Users\admin\.gradle\caches\modules-2\files-2.1\net.java.dev.jna\jna\5.6.0\330f2244e9030119ab3030fc3fededc86713d9cc\jna-5.6.0.jar;C:\Users\admin\.gradle\caches\modules-2\files-2.1\org.jetbrains.kotlin\kotlin-stdlib-common\1.8.0\f7197e7cc76453ac59f8b0f8d5137cc600becd36\kotlin-stdlib-common-1.8.0.jar;C:\Users\admin\.gradle\caches\modules-2\files-2.1\org.jetbrains\annotations\13.0\919f0dfe192fb4e063e7dacadee7f8bb9a2672a9\annotations-13.0.jar
Launcher Type: SUN_STANDARD

[Global flags]
     intx CICompilerCount                          = 4                                         {product} {ergonomic}
     uint ConcGCThreads                            = 3                                         {product} {ergonomic}
     uint G1ConcRefinementThreads                  = 10                                        {product} {ergonomic}
   size_t G1HeapRegionSize                         = 1048576                                   {product} {ergonomic}
    uintx GCDrainStackTargetSize                   = 64                                        {product} {ergonomic}
   size_t InitialHeapSize                          = 132120576                                 {product} {ergonomic}
   size_t MarkStackSize                            = 4194304                                   {product} {ergonomic}
   size_t MaxHeapSize                              = 2086666240                                {product} {ergonomic}
   size_t MaxNewSize                               = 1251999744                                {product} {ergonomic}
   size_t MinHeapDeltaBytes                        = 1048576                                   {product} {ergonomic}
   size_t MinHeapSize                              = 8388608                                   {product} {ergonomic}
    uintx NonNMethodCodeHeapSize                   = 5839372                                {pd product} {ergonomic}
    uintx NonProfiledCodeHeapSize                  = 122909434                              {pd product} {ergonomic}
    uintx ProfiledCodeHeapSize                     = 122909434                              {pd product} {ergonomic}
    uintx ReservedCodeCacheSize                    = 251658240                              {pd product} {ergonomic}
     bool SegmentedCodeCache                       = true                                      {product} {ergonomic}
   size_t SoftMaxHeapSize                          = 2086666240                             {manageable} {ergonomic}
     bool UseCompressedClassPointers               = true                           {product lp64_product} {ergonomic}
     bool UseCompressedOops                        = true                           {product lp64_product} {ergonomic}
     bool UseG1GC                                  = true                                      {product} {ergonomic}
     bool UseLargePagesIndividualAllocation        = false                                  {pd product} {ergonomic}

Logging:
Log output configuration:
 #0: stdout all=warning uptime,level,tags foldmultilines=false
 #1: stderr all=off uptime,level,tags foldmultilines=false

Environment Variables:
JAVA_HOME=C:\Program Files\Java\jdk-19
CLASSPATH=E:\demoReactNative\Assignment2\android\\gradle\wrapper\gradle-wrapper.jar
PATH=E:\demoReactNative\Assignment2\node_modules\.bin;E:\demoReactNative\Assignment2\node_modules\.bin;E:\demoReactNative\node_modules\.bin;E:\node_modules\.bin;C:\Users\admin\AppData\Roaming\npm\node_modules\npm\node_modules\@npmcli\run-script\lib\node-gyp-bin;E:\demoReactNative\Assignment2\node_modules\.bin;E:\demoReactNative\node_modules\.bin;E:\node_modules\.bin;C:\Users\admin\AppData\Roaming\npm\node_modules\npm\node_modules\@npmcli\run-script\lib\node-gyp-bin;C:\Program Files\Common Files\Oracle\Java\javapath;C:\WINDOWS\system32;C:\WINDOWS;C:\WINDOWS\System32\Wbem;C:\WINDOWS\System32\WindowsPowerShell\v1.0\;C:\WINDOWS\System32\OpenSSH\;C:\Program Files\Java\jdk-19\bin;C:\Program Files (x86)\Microsoft SQL Server\160\Tools\Binn\;C:\Program Files\Microsoft SQL Server\160\Tools\Binn\;C:\Program Files\Microsoft SQL Server\Client SDK\ODBC\170\Tools\Binn\;C:\Program Files\Microsoft SQL Server\160\DTS\Binn\;C:\Program Files\Git\cmd;C:\Program Files (x86)\Microsoft SQL Server\160\DTS\Binn\;C:\Program Files\nodejs\;C:\Users\admin\AppData\Local\Microsoft\WindowsApps;E:\Microsoft VS Code\bin;C:\Program Files\Azure Data Studio\bin;C:\Users\admin\AppData\Local\GitHubDesktop\bin;C:\Users\admin\AppData\Local\Programs\Azure Data Studio\bin;C:\Users\admin\AppData\Local\Android\Sdk\platform-tools;C:\Users\admin\AppData\Roaming\npm;
USERNAME=admin
LANG=en_US.UTF-8
OS=Windows_NT
PROCESSOR_IDENTIFIER=Intel64 Family 6 Model 141 Stepping 1, GenuineIntel
TMP=C:\Users\admin\AppData\Local\Temp
TEMP=C:\Users\admin\AppData\Local\Temp



---------------  S Y S T E M  ---------------

OS:
 Windows 11 , 64 bit Build 22621 (10.0.22621.3085)
OS uptime: 2 days 6:17 hours
Hyper-V role detected

CPU: total 12 (initial active 12) (6 cores per cpu, 2 threads per core) family 6 model 141 stepping 1 microcode 0x3c, cx8, cmov, fxsr, ht, mmx, 3dnowpref, sse, sse2, sse3, ssse3, sse4.1, sse4.2, popcnt, lzcnt, tsc, tscinvbit, avx, avx2, aes, erms, clmul, bmi1, bmi2, adx, avx512f, avx512dq, avx512cd, avx512bw, avx512vl, sha, fma, vzeroupper, avx512_vpopcntdq, avx512_vpclmulqdq, avx512_vaes, avx512_vnni, clflush, clflushopt, clwb, avx512_vbmi2, avx512_vbmi, hv, rdtscp, rdpid, fsrm, gfni, avx512_bitalg

Memory: 4k page, system-wide physical 7955M (36M free)
TotalPageFile size 30455M (AvailPageFile size 28M)
current process WorkingSet (physical memory assigned to process): 242M, peak: 242M
current process commit charge ("private bytes"): 293M, peak: 320M

vm_info: Java HotSpot(TM) 64-Bit Server VM (19.0.1+10-21) for windows-amd64 JRE (19.0.1+10-21), built on 2022-09-14T12:45:06Z by "mach5one" with MS VC++ 17.1 (VS2022)

END.
